<?xml version="1.0" encoding="UTF-8"?>
<!-- Generated by org.testng.reporters.JUnitReportReporter -->
<testsuite skipped="0" hostname="Admin-PC" name="testNG.prmg_2" tests="5" failures="0" timestamp="2023-01-03T12:02:32 IST" time="0.022" errors="0">
  <testcase name="modifyAccount" time="0.002" classname="testNG.prmg_2"/>
  <system-out>
account is modified  </system-out>
  <testcase name="createAnAccount" time="0.002" classname="testNG.prmg_2"/>
  <system-out>
account created  </system-out>
  <testcase name="amountTransfer" time="0.002" classname="testNG.prmg_2"/>
  <system-out>
amount is transfer  </system-out>
  <testcase name="deleteAccount" time="0.004" classname="testNG.prmg_2"/>
  <system-out>
account is deleted  </system-out>
  <testcase name="register" time="0.012" classname="testNG.prmg_2"/>
  <system-out>
account is register  </system-out>
</testsuite> <!-- testNG.prmg_2 -->
