<?xml version="1.0" encoding="UTF-8"?>
<!-- Generated by org.testng.reporters.JUnitReportReporter -->
<testsuite skipped="0" hostname="Admin-PC" name="testNG.Prmg1" tests="3" failures="0" timestamp="2023-01-02T17:06:45 IST" time="104.032" errors="0">
  <testcase name="zomato" time="31.466" classname="testNG.Prmg1"/>
  <system-out>
zomato is launched  </system-out>
  <testcase name="woodenStreet" time="27.867" classname="testNG.Prmg1"/>
  <system-out>
woodenStreet is launched  </system-out>
  <testcase name="relianceDigital" time="44.699" classname="testNG.Prmg1"/>
  <system-out>
relianceDigital is launched  </system-out>
</testsuite> <!-- testNG.Prmg1 -->
