<?xml version="1.0" encoding="UTF-8"?>
<!-- Generated by org.testng.reporters.JUnitReportReporter -->
<testsuite skipped="0" hostname="Admin-PC" name="dataprovider.ToregisterUserToDemoWebShop" tests="9" failures="0" timestamp="2023-01-11T15:04:17 IST" time="126.722" errors="0">
  <testcase name="launch" time="19.941" classname="dataprovider.ToregisterUserToDemoWebShop"/>
  <system-out/>
  <testcase name="launch" time="12.590" classname="dataprovider.ToregisterUserToDemoWebShop"/>
  <system-out/>
  <testcase name="launch" time="14.631" classname="dataprovider.ToregisterUserToDemoWebShop"/>
  <system-out/>
  <testcase name="launch" time="12.766" classname="dataprovider.ToregisterUserToDemoWebShop"/>
  <system-out/>
  <testcase name="launch" time="13.365" classname="dataprovider.ToregisterUserToDemoWebShop"/>
  <system-out/>
  <testcase name="launch" time="12.455" classname="dataprovider.ToregisterUserToDemoWebShop"/>
  <system-out/>
  <testcase name="launch" time="13.373" classname="dataprovider.ToregisterUserToDemoWebShop"/>
  <system-out/>
  <testcase name="launch" time="14.239" classname="dataprovider.ToregisterUserToDemoWebShop"/>
  <system-out/>
  <testcase name="launch" time="13.362" classname="dataprovider.ToregisterUserToDemoWebShop"/>
  <system-out/>
</testsuite> <!-- dataprovider.ToregisterUserToDemoWebShop -->
