<?xml version="1.0" encoding="UTF-8"?>
<!-- Generated by org.testng.reporters.JUnitReportReporter -->
<testsuite skipped="0" hostname="Admin-PC" name="datadriver.ToRead5UrlsfromWorkBook" tests="5" failures="0" timestamp="2023-01-11T11:46:27 IST" time="141.938" errors="0">
  <testcase name="launchUrl" time="28.224" classname="datadriver.ToRead5UrlsfromWorkBook"/>
  <system-out/>
  <testcase name="launchUrl" time="22.259" classname="datadriver.ToRead5UrlsfromWorkBook"/>
  <system-out/>
  <testcase name="launchUrl" time="29.001" classname="datadriver.ToRead5UrlsfromWorkBook"/>
  <system-out/>
  <testcase name="launchUrl" time="40.869" classname="datadriver.ToRead5UrlsfromWorkBook"/>
  <system-out/>
  <testcase name="launchUrl" time="21.585" classname="datadriver.ToRead5UrlsfromWorkBook"/>
  <system-out/>
</testsuite> <!-- datadriver.ToRead5UrlsfromWorkBook -->
