<?xml version="1.0" encoding="UTF-8"?>
<!-- Generated by org.testng.reporters.JUnitReportReporter -->
<testsuite skipped="0" hostname="Admin-PC" name="basics.ToUnderstandpassingParameterUsingTestNg" tests="1" failures="0" timestamp="2023-01-10T12:36:56 IST" time="37.468" errors="0">
  <testcase name="TopassUrlFromXml" time="37.468" classname="basics.ToUnderstandpassingParameterUsingTestNg"/>
  <system-out/>
</testsuite> <!-- basics.ToUnderstandpassingParameterUsingTestNg -->
